<?xml version="1.0" encoding="UTF-8"?>
<!-- Generated by org.testng.reporters.JUnitReportReporter -->
<testsuite hostname="Admin-PC" name="com.googlerestapi.com.rest.GetJsonResponseTest" tests="1" failures="0" timestamp="20 Nov 2017 04:22:02 GMT" time="3.245" errors="0">
  <testcase name="test01" time="3.245" classname="com.googlerestapi.com.rest.GetJsonResponseTest"/>
</testsuite> <!-- com.googlerestapi.com.rest.GetJsonResponseTest -->
