<?xml version="1.0" encoding="UTF-8"?>
<!-- Generated by org.testng.reporters.JUnitReportReporter -->
<testsuite hostname="Admin-PC" name="com.googlerestapi.com.rest.GetXMLResponseTest" tests="1" failures="0" timestamp="20 Nov 2017 04:27:37 GMT" time="2.585" errors="0">
  <testcase name="test01" time="2.585" classname="com.googlerestapi.com.rest.GetXMLResponseTest"/>
</testsuite> <!-- com.googlerestapi.com.rest.GetXMLResponseTest -->
