<?xml version="1.0" encoding="UTF-8"?>
<!-- Generated by org.testng.reporters.JUnitReportReporter -->
<testsuite hostname="Admin-PC" name="com.googlerestapi.com.rest.GetStatusCodeTest" tests="2" failures="0" timestamp="17 Nov 2017 03:37:22 GMT" time="2.128" errors="0">
  <testcase name="testStatusCode" time="1.732" classname="com.googlerestapi.com.rest.GetStatusCodeTest"/>
  <testcase name="testStatusCodeRestAssured" time="0.396" classname="com.googlerestapi.com.rest.GetStatusCodeTest"/>
</testsuite> <!-- com.googlerestapi.com.rest.GetStatusCodeTest -->
